<?xml version="1.0" encoding="UTF-8"?>
<testng-results ignored="0" total="1" passed="1" failed="0" skipped="0">
  <reporter-output>
  </reporter-output>
  <suite started-at="2021-06-19T12:34:50Z" name="Suite" finished-at="2021-06-19T12:35:20Z" duration-ms="30534">
    <groups>
    </groups>
    <test started-at="2021-06-19T12:34:50Z" name="Test" finished-at="2021-06-19T12:35:20Z" duration-ms="30534">
      <class name="HotelBooking.booking">
        <test-method is-config="true" signature="initialize()[pri:0, instance:HotelBooking.booking@6c8bca63]" started-at="2021-06-19T14:34:50Z" name="initialize" finished-at="2021-06-19T14:34:54Z" duration-ms="4224" status="PASS">
          <reporter-output>
          </reporter-output>
        </test-method> <!-- initialize -->
        <test-method signature="homepage()[pri:0, instance:HotelBooking.booking@6c8bca63]" started-at="2021-06-19T14:34:54Z" name="homepage" finished-at="2021-06-19T14:35:20Z" duration-ms="26280" status="PASS">
          <reporter-output>
          </reporter-output>
        </test-method> <!-- homepage -->
      </class> <!-- HotelBooking.booking -->
    </test> <!-- Test -->
  </suite> <!-- Suite -->
</testng-results>
